<?xml version="1.0" encoding="UTF-8"?>
<!-- Generated by org.testng.reporters.JUnitReportReporter -->
<testsuite hostname="DESKTOP-CFDELKE" failures="0" tests="1" name="com.mepro.test.NewUserLandingPageTest" time="49.483" errors="0" timestamp="30 Sep 2020 17:18:40 GMT" skipped="0">
  <testcase classname="com.mepro.test.NewUserLandingPageTest" name="verifyUserNameProffileLink" time="49.483"/>
</testsuite> <!-- com.mepro.test.NewUserLandingPageTest -->
