<?xml version="1.0" encoding="UTF-8"?>
<!-- Generated by org.testng.reporters.JUnitReportReporter -->
<testsuite hostname="DESKTOP-CFDELKE" failures="0" tests="1" name="com.mepro.test.LearningModulePageTest" time="321.784" errors="0" timestamp="04 Oct 2020 17:26:18 GMT" skipped="0">
  <testcase classname="com.mepro.test.LearningModulePageTest" name="verifyModuleLoading" time="321.784"/>
</testsuite> <!-- com.mepro.test.LearningModulePageTest -->
