<?xml version="1.0" encoding="UTF-8"?>
<!-- Generated by org.testng.reporters.JUnitReportReporter -->
<testsuite hostname="DESKTOP-CFDELKE" failures="0" tests="1" name="com.mepro.test.DashBoardTest" time="83.178" errors="0" timestamp="01 Oct 2020 16:12:03 GMT" skipped="0">
  <testcase classname="com.mepro.test.DashBoardTest" name="verifyAllLessonLoads" time="83.178"/>
</testsuite> <!-- com.mepro.test.DashBoardTest -->
