<?xml version="1.0" encoding="UTF-8"?>
<!-- Generated by org.testng.reporters.JUnitReportReporter -->
<testsuite hostname="DESKTOP-CFDELKE" failures="0" tests="1" name="com.mepro.test.PlacementQuizTest" time="246.764" errors="0" timestamp="30 Sep 2020 17:18:40 GMT" skipped="0">
  <testcase classname="com.mepro.test.PlacementQuizTest" name="verifyAttemptQuiz" time="246.764"/>
</testsuite> <!-- com.mepro.test.PlacementQuizTest -->
