<?xml version="1.0" encoding="UTF-8"?>
<!-- Generated by org.testng.reporters.JUnitReportReporter -->
<testsuite hostname="DESKTOP-CFDELKE" failures="0" tests="4" name="com.mepro.test.PlacementTest" time="277.395" errors="0" timestamp="29 Sep 2020 18:12:06 GMT" skipped="0">
  <testcase classname="com.mepro.test.PlacementTest" name="verifyAttemptQuiz" time="184.804"/>
  <testcase classname="com.mepro.test.PlacementTest" name="verifySkipTest" time="30.001"/>
  <testcase classname="com.mepro.test.PlacementTest" name="verifyPausePlacementTest" time="31.830"/>
  <testcase classname="com.mepro.test.PlacementTest" name="verifyCancelPlacementTestPause" time="30.760"/>
</testsuite> <!-- com.mepro.test.PlacementTest -->
