<?xml version="1.0" encoding="UTF-8"?>
<!-- Generated by org.testng.reporters.JUnitReportReporter -->
<testsuite hostname="DESKTOP-CFDELKE" failures="0" tests="6" name="com.mepro.test.DashBoardPageTest" time="271.372" errors="0" timestamp="01 Oct 2020 16:30:36 GMT" skipped="0">
  <testcase classname="com.mepro.test.DashBoardPageTest" name="verifySetGoal30Mint" time="41.444"/>
  <testcase classname="com.mepro.test.DashBoardPageTest" name="verifyStartLessonButton" time="38.972"/>
  <testcase classname="com.mepro.test.DashBoardPageTest" name="verifyViewAllLessonsLink" time="36.223"/>
  <testcase classname="com.mepro.test.DashBoardPageTest" name="verifyLessonCount" time="36.280"/>
  <testcase classname="com.mepro.test.DashBoardPageTest" name="verifyContinueButtonToResumeLesson" time="40.475"/>
  <testcase classname="com.mepro.test.DashBoardPageTest" name="verifyAllLessonLoads" time="77.978"/>
</testsuite> <!-- com.mepro.test.DashBoardPageTest -->
